<!DOCTYPE html PUBLIC "-//W3C//DTD XHTML 1.1//EN" "http://www.w3.org/TR/xhtml11/DTD/xhtml11.dtd">
<html xmlns="http://www.w3.org/1999/xhtml">
<head>
<meta http-equiv="content-type" content="text/html; charset=UTF-8"/>
<title>TestNG Report</title>
<style type="text/css">table {margin-bottom:10px;border-collapse:collapse;empty-cells:show}th,td {border:1px solid #009;padding:.25em .5em}th {vertical-align:bottom}td {vertical-align:top}table a {font-weight:bold}.stripe td {background-color: #E6EBF9}.num {text-align:right}.passedodd td {background-color: #3F3}.passedeven td {background-color: #0A0}.skippedodd td {background-color: #DDD}.skippedeven td {background-color: #CCC}.failedodd td,.attn {background-color: #F33}.failedeven td,.stripe .attn {background-color: #D00}.stacktrace {white-space:pre;font-family:monospace}.totop {font-size:85%;text-align:center;border-bottom:2px solid #000}.invisible {display:none}</style>
</head>
<body>
<table>
<tr><th>Test</th><th># Passed</th><th># Skipped</th><th># Retried</th><th># Failed</th><th>Time (ms)</th><th>Included Groups</th><th>Excluded Groups</th></tr>
<tr><th colspan="7">Test suite</th></tr>
<tr><td><a href="#t0"> LoginPageTest</a></td><td class="num">2</td><td class="num">0</td><td class="num">0</td><td class="num">0</td><td class="num">271 423</td><td></td><td></td></tr>
<tr class="stripe"><td><a href="#t1">AddresPageTest</a></td><td class="num">1</td><td class="num">0</td><td class="num">0</td><td class="num attn">2</td><td class="num">267 005</td><td></td><td></td></tr>
<tr><td><a href="#t2">CatalogPageTest</a></td><td class="num">1</td><td class="num">0</td><td class="num">0</td><td class="num">0</td><td class="num">133 552</td><td></td><td></td></tr>
<tr class="stripe"><td><a href="#t3">BasketPageTest</a></td><td class="num">3</td><td class="num">0</td><td class="num">0</td><td class="num attn">1</td><td class="num">711 945</td><td></td><td></td></tr>
<tr><th>Total</th><th class="num">7</th><th class="num">0</th><th class="num">0</th><th class="num attn">3</th><th class="num">1 383 925</th><th colspan="2"></th></tr>
</table>
<table id='summary'><thead><tr><th>Class</th><th>Method</th><th>Start</th><th>Time (ms)</th></tr></thead><tbody><tr><th colspan="4">Test suite</th></tr></tbody><tbody id="t0"><tr><th colspan="4"> LoginPageTest &#8212; passed</th></tr><tr class="passedeven"><td rowspan="2">test.LoginPageTest</td><td><a href="#m0">loginInvalidTest</a></td><td rowspan="1">1655305790635</td><td rowspan="1">90576</td></tr><tr class="passedeven"><td><a href="#m1">loginTest</a></td><td rowspan="1">1655305881718</td><td rowspan="1">131132</td></tr></tbody>
<tbody id="t1"><tr><th colspan="4">AddresPageTest &#8212; failed</th></tr><tr class="failedeven"><td rowspan="2">test.AddresPageTest</td><td><a href="#m2">deleteAddressTest</a></td><td rowspan="1">1655306219109</td><td rowspan="1">34455</td></tr><tr class="failedeven"><td><a href="#m3">errorWhileCreatingAddresTest</a></td><td rowspan="1">1655306253615</td><td rowspan="1">35214</td></tr><tr><th colspan="4">AddresPageTest &#8212; passed</th></tr><tr class="passedeven"><td rowspan="1">test.AddresPageTest</td><td><a href="#m4">createAddressTest</a></td><td rowspan="1">1655306031808</td><td rowspan="1">187299</td></tr></tbody>
<tbody id="t2"><tr><th colspan="4">CatalogPageTest &#8212; passed</th></tr><tr class="passedeven"><td rowspan="1">test.CatalogPageTest</td><td><a href="#m5">catalogTest</a></td><td rowspan="1">1655306292830</td><td rowspan="1">128887</td></tr></tbody>
<tbody id="t3"><tr><th colspan="4">BasketPageTest &#8212; failed</th></tr><tr class="failedeven"><td rowspan="1">test.BasketPageTest</td><td><a href="#m6">logoutTest</a></td><td rowspan="1">1655307021196</td><td rowspan="1">91928</td></tr><tr><th colspan="4">BasketPageTest &#8212; passed</th></tr><tr class="passedeven"><td rowspan="3">test.BasketPageTest</td><td><a href="#m7">addItemToBasketTest</a></td><td rowspan="1">1655306425847</td><td rowspan="1">241713</td></tr><tr class="passedeven"><td><a href="#m8">correctPriceTest</a></td><td rowspan="1">1655306667563</td><td rowspan="1">199640</td></tr><tr class="passedeven"><td><a href="#m9">deleteItemFromBasketTest</a></td><td rowspan="1">1655306867205</td><td rowspan="1">153974</td></tr></tbody>
</table>
<h2> LoginPageTest</h2><h3 id="m0">test.LoginPageTest#loginInvalidTest</h3><table class="result"><tr><th class="invisible"/></tr></table><p class="totop"><a href="#summary">back to summary</a></p>
<h3 id="m1">test.LoginPageTest#loginTest</h3><table class="result"><tr><th class="invisible"/></tr></table><p class="totop"><a href="#summary">back to summary</a></p>
<h2>AddresPageTest</h2><h3 id="m2">test.AddresPageTest#deleteAddressTest</h3><table class="result"><tr><th>Exception</th></tr><tr><td><div class="stacktrace">org.openqa.selenium.NoSuchElementException: no such element: Unable to locate element: {&quot;method&quot;:&quot;xpath&quot;,&quot;selector&quot;:&quot;//input[@id=&apos;email&apos;]&quot;}
  (Session info: chrome=102.0.5005.115)
For documentation on this error, please visit: https://www.seleniumhq.org/exceptions/no_such_element.html
Build info: version: &apos;3.141.59&apos;, revision: &apos;e82be7d358&apos;, time: &apos;2018-11-14T08:17:03&apos;
System info: host: &apos;HOME-PC&apos;, ip: &apos;192.168.0.105&apos;, os.name: &apos;Windows 8.1&apos;, os.arch: &apos;amd64&apos;, os.version: &apos;6.3&apos;, java.version: &apos;1.8.0_321&apos;
Driver info: org.openqa.selenium.chrome.ChromeDriver
Capabilities {acceptInsecureCerts: false, browserName: chrome, browserVersion: 102.0.5005.115, chrome: {chromedriverVersion: 102.0.5005.61 (0e59bcc00cc4..., userDataDir: C:\Users\4231~1\AppData\Loc...}, goog:chromeOptions: {debuggerAddress: localhost:49692}, javascriptEnabled: true, networkConnectionEnabled: false, pageLoadStrategy: normal, platform: WINDOWS, platformName: WINDOWS, proxy: Proxy(), setWindowRect: true, strictFileInteractability: false, timeouts: {implicit: 0, pageLoad: 300000, script: 30000}, unhandledPromptBehavior: dismiss and notify, webauthn:extension:credBlob: true, webauthn:extension:largeBlob: true, webauthn:virtualAuthenticators: true}
Session ID: 53db4225ca7240817afc2dde36d6602f
*** Element info: {Using=xpath, value=//input[@id=&apos;email&apos;]}
	at org.openqa.selenium.remote.http.W3CHttpResponseCodec.createException(W3CHttpResponseCodec.java:187)
	at org.openqa.selenium.remote.http.W3CHttpResponseCodec.decode(W3CHttpResponseCodec.java:122)
	at org.openqa.selenium.remote.http.W3CHttpResponseCodec.decode(W3CHttpResponseCodec.java:49)
	at org.openqa.selenium.remote.HttpCommandExecutor.execute(HttpCommandExecutor.java:158)
	at org.openqa.selenium.remote.service.DriverCommandExecutor.execute(DriverCommandExecutor.java:83)
	at org.openqa.selenium.remote.RemoteWebDriver.execute(RemoteWebDriver.java:552)
	at org.openqa.selenium.remote.RemoteWebDriver.findElement(RemoteWebDriver.java:323)
	at org.openqa.selenium.remote.RemoteWebDriver.findElementByXPath(RemoteWebDriver.java:428)
	at org.openqa.selenium.By$ByXPath.findElement(By.java:353)
	at org.openqa.selenium.remote.RemoteWebDriver.findElement(RemoteWebDriver.java:315)
	at org.openqa.selenium.support.pagefactory.DefaultElementLocator.findElement(DefaultElementLocator.java:69)
	at org.openqa.selenium.support.pagefactory.internal.LocatingElementHandler.invoke(LocatingElementHandler.java:38)
	at com.sun.proxy.$Proxy25.clear(Unknown Source)
	at page.LoginPage.enterEmail_aroundBody2(LoginPage.java:34)
	at page.LoginPage$AjcClosure3.run(LoginPage.java:1)
	at io.qameta.allure.aspects.StepsAspects.step(StepsAspects.java:51)
	at page.LoginPage.enterEmail(LoginPage.java:33)
	at service.LoginPageService.login(LoginPageService.java:15)
	at service.AddresPageService.deleteAddress(AddresPageService.java:39)
	at test.AddresPageTest.deleteAddressTest(AddresPageTest.java:29)
	at java.util.concurrent.ThreadPoolExecutor.runWorker(ThreadPoolExecutor.java:1149)
	at java.util.concurrent.ThreadPoolExecutor$Worker.run(ThreadPoolExecutor.java:624)
	at java.lang.Thread.run(Thread.java:750)
... Removed 17 stack frames</div></td></tr></table><p class="totop"><a href="#summary">back to summary</a></p>
<h3 id="m3">test.AddresPageTest#errorWhileCreatingAddresTest</h3><table class="result"><tr><th>Exception</th></tr><tr><td><div class="stacktrace">org.openqa.selenium.NoSuchElementException: no such element: Unable to locate element: {&quot;method&quot;:&quot;xpath&quot;,&quot;selector&quot;:&quot;//input[@id=&apos;email&apos;]&quot;}
  (Session info: chrome=102.0.5005.115)
For documentation on this error, please visit: https://www.seleniumhq.org/exceptions/no_such_element.html
Build info: version: &apos;3.141.59&apos;, revision: &apos;e82be7d358&apos;, time: &apos;2018-11-14T08:17:03&apos;
System info: host: &apos;HOME-PC&apos;, ip: &apos;192.168.0.105&apos;, os.name: &apos;Windows 8.1&apos;, os.arch: &apos;amd64&apos;, os.version: &apos;6.3&apos;, java.version: &apos;1.8.0_321&apos;
Driver info: org.openqa.selenium.chrome.ChromeDriver
Capabilities {acceptInsecureCerts: false, browserName: chrome, browserVersion: 102.0.5005.115, chrome: {chromedriverVersion: 102.0.5005.61 (0e59bcc00cc4..., userDataDir: C:\Users\4231~1\AppData\Loc...}, goog:chromeOptions: {debuggerAddress: localhost:49692}, javascriptEnabled: true, networkConnectionEnabled: false, pageLoadStrategy: normal, platform: WINDOWS, platformName: WINDOWS, proxy: Proxy(), setWindowRect: true, strictFileInteractability: false, timeouts: {implicit: 0, pageLoad: 300000, script: 30000}, unhandledPromptBehavior: dismiss and notify, webauthn:extension:credBlob: true, webauthn:extension:largeBlob: true, webauthn:virtualAuthenticators: true}
Session ID: 53db4225ca7240817afc2dde36d6602f
*** Element info: {Using=xpath, value=//input[@id=&apos;email&apos;]}
	at org.openqa.selenium.remote.http.W3CHttpResponseCodec.createException(W3CHttpResponseCodec.java:187)
	at org.openqa.selenium.remote.http.W3CHttpResponseCodec.decode(W3CHttpResponseCodec.java:122)
	at org.openqa.selenium.remote.http.W3CHttpResponseCodec.decode(W3CHttpResponseCodec.java:49)
	at org.openqa.selenium.remote.HttpCommandExecutor.execute(HttpCommandExecutor.java:158)
	at org.openqa.selenium.remote.service.DriverCommandExecutor.execute(DriverCommandExecutor.java:83)
	at org.openqa.selenium.remote.RemoteWebDriver.execute(RemoteWebDriver.java:552)
	at org.openqa.selenium.remote.RemoteWebDriver.findElement(RemoteWebDriver.java:323)
	at org.openqa.selenium.remote.RemoteWebDriver.findElementByXPath(RemoteWebDriver.java:428)
	at org.openqa.selenium.By$ByXPath.findElement(By.java:353)
	at org.openqa.selenium.remote.RemoteWebDriver.findElement(RemoteWebDriver.java:315)
	at org.openqa.selenium.support.pagefactory.DefaultElementLocator.findElement(DefaultElementLocator.java:69)
	at org.openqa.selenium.support.pagefactory.internal.LocatingElementHandler.invoke(LocatingElementHandler.java:38)
	at com.sun.proxy.$Proxy25.clear(Unknown Source)
	at page.LoginPage.enterEmail_aroundBody2(LoginPage.java:34)
	at page.LoginPage$AjcClosure3.run(LoginPage.java:1)
	at io.qameta.allure.aspects.StepsAspects.step(StepsAspects.java:51)
	at page.LoginPage.enterEmail(LoginPage.java:33)
	at service.LoginPageService.login(LoginPageService.java:15)
	at service.AddresPageService.createErrorAddress(AddresPageService.java:47)
	at test.AddresPageTest.errorWhileCreatingAddresTest(AddresPageTest.java:36)
	at java.util.concurrent.ThreadPoolExecutor.runWorker(ThreadPoolExecutor.java:1149)
	at java.util.concurrent.ThreadPoolExecutor$Worker.run(ThreadPoolExecutor.java:624)
	at java.lang.Thread.run(Thread.java:750)
... Removed 17 stack frames</div></td></tr></table><p class="totop"><a href="#summary">back to summary</a></p>
<h3 id="m4">test.AddresPageTest#createAddressTest</h3><table class="result"><tr><th class="invisible"/></tr></table><p class="totop"><a href="#summary">back to summary</a></p>
<h2>CatalogPageTest</h2><h3 id="m5">test.CatalogPageTest#catalogTest</h3><table class="result"><tr><th class="invisible"/></tr></table><p class="totop"><a href="#summary">back to summary</a></p>
<h2>BasketPageTest</h2><h3 id="m6">test.BasketPageTest#logoutTest</h3><table class="result"><tr><th>Exception</th></tr><tr><td><div class="stacktrace">org.openqa.selenium.NoSuchElementException: no such element: Unable to locate element: {&quot;method&quot;:&quot;xpath&quot;,&quot;selector&quot;:&quot;//input[@id=&apos;email&apos;]&quot;}
  (Session info: chrome=102.0.5005.115)
For documentation on this error, please visit: https://www.seleniumhq.org/exceptions/no_such_element.html
Build info: version: &apos;3.141.59&apos;, revision: &apos;e82be7d358&apos;, time: &apos;2018-11-14T08:17:03&apos;
System info: host: &apos;HOME-PC&apos;, ip: &apos;192.168.0.105&apos;, os.name: &apos;Windows 8.1&apos;, os.arch: &apos;amd64&apos;, os.version: &apos;6.3&apos;, java.version: &apos;1.8.0_321&apos;
Driver info: org.openqa.selenium.chrome.ChromeDriver
Capabilities {acceptInsecureCerts: false, browserName: chrome, browserVersion: 102.0.5005.115, chrome: {chromedriverVersion: 102.0.5005.61 (0e59bcc00cc4..., userDataDir: C:\Users\4231~1\AppData\Loc...}, goog:chromeOptions: {debuggerAddress: localhost:50090}, javascriptEnabled: true, networkConnectionEnabled: false, pageLoadStrategy: normal, platform: WINDOWS, platformName: WINDOWS, proxy: Proxy(), setWindowRect: true, strictFileInteractability: false, timeouts: {implicit: 0, pageLoad: 300000, script: 30000}, unhandledPromptBehavior: dismiss and notify, webauthn:extension:credBlob: true, webauthn:extension:largeBlob: true, webauthn:virtualAuthenticators: true}
Session ID: 6b558475e530bd3f3f258b45d690977c
*** Element info: {Using=xpath, value=//input[@id=&apos;email&apos;]}
	at org.openqa.selenium.remote.http.W3CHttpResponseCodec.createException(W3CHttpResponseCodec.java:187)
	at org.openqa.selenium.remote.http.W3CHttpResponseCodec.decode(W3CHttpResponseCodec.java:122)
	at org.openqa.selenium.remote.http.W3CHttpResponseCodec.decode(W3CHttpResponseCodec.java:49)
	at org.openqa.selenium.remote.HttpCommandExecutor.execute(HttpCommandExecutor.java:158)
	at org.openqa.selenium.remote.service.DriverCommandExecutor.execute(DriverCommandExecutor.java:83)
	at org.openqa.selenium.remote.RemoteWebDriver.execute(RemoteWebDriver.java:552)
	at org.openqa.selenium.remote.RemoteWebDriver.findElement(RemoteWebDriver.java:323)
	at org.openqa.selenium.remote.RemoteWebDriver.findElementByXPath(RemoteWebDriver.java:428)
	at org.openqa.selenium.By$ByXPath.findElement(By.java:353)
	at org.openqa.selenium.remote.RemoteWebDriver.findElement(RemoteWebDriver.java:315)
	at org.openqa.selenium.support.pagefactory.DefaultElementLocator.findElement(DefaultElementLocator.java:69)
	at org.openqa.selenium.support.pagefactory.internal.LocatingElementHandler.invoke(LocatingElementHandler.java:38)
	at com.sun.proxy.$Proxy25.clear(Unknown Source)
	at page.LoginPage.enterEmail_aroundBody2(LoginPage.java:34)
	at page.LoginPage$AjcClosure3.run(LoginPage.java:1)
	at io.qameta.allure.aspects.StepsAspects.step(StepsAspects.java:51)
	at page.LoginPage.enterEmail(LoginPage.java:33)
	at service.LoginPageService.login(LoginPageService.java:15)
	at service.BasketPageService.getTextOfLoginButton(BasketPageService.java:23)
	at test.BasketPageTest.logoutTest(BasketPageTest.java:42)
	at java.util.concurrent.ThreadPoolExecutor.runWorker(ThreadPoolExecutor.java:1149)
	at java.util.concurrent.ThreadPoolExecutor$Worker.run(ThreadPoolExecutor.java:624)
	at java.lang.Thread.run(Thread.java:750)
... Removed 17 stack frames</div></td></tr></table><p class="totop"><a href="#summary">back to summary</a></p>
<h3 id="m7">test.BasketPageTest#addItemToBasketTest</h3><table class="result"><tr><th class="invisible"/></tr></table><p class="totop"><a href="#summary">back to summary</a></p>
<h3 id="m8">test.BasketPageTest#correctPriceTest</h3><table class="result"><tr><th class="invisible"/></tr></table><p class="totop"><a href="#summary">back to summary</a></p>
<h3 id="m9">test.BasketPageTest#deleteItemFromBasketTest</h3><table class="result"><tr><th class="invisible"/></tr></table><p class="totop"><a href="#summary">back to summary</a></p>
</body>
</html>
